c:\users\filip.mazev\documents\code\refactor\aqi-estimator.libraries\imageprocessingpipeline\build\java\windows\imageprocessingpipeline\imageprocessingpipeline\x64\debug\imageprocessingpipeline.pch
c:\users\filip.mazev\documents\code\refactor\aqi-estimator.libraries\imageprocessingpipeline\build\java\windows\imageprocessingpipeline\imageprocessingpipeline\x64\debug\vc143.pdb
c:\users\filip.mazev\documents\code\refactor\aqi-estimator.libraries\imageprocessingpipeline\build\java\windows\imageprocessingpipeline\imageprocessingpipeline\x64\debug\vc143.idb
c:\users\filip.mazev\documents\code\refactor\aqi-estimator.libraries\imageprocessingpipeline\build\java\windows\imageprocessingpipeline\imageprocessingpipeline\x64\debug\pch.obj
c:\users\filip.mazev\documents\code\refactor\aqi-estimator.libraries\imageprocessingpipeline\build\java\windows\imageprocessingpipeline\imageprocessingpipeline\x64\debug\java_imagepipeline_extractenhachedmetadata.obj
c:\users\filip.mazev\documents\code\refactor\aqi-estimator.libraries\imageprocessingpipeline\build\java\windows\imageprocessingpipeline\imageprocessingpipeline\x64\debug\imagepipeline.obj
c:\users\filip.mazev\documents\code\refactor\aqi-estimator.libraries\imageprocessingpipeline\build\java\windows\imageprocessingpipeline\imageprocessingpipeline\x64\debug\hazeremoval.obj
c:\users\filip.mazev\documents\code\refactor\aqi-estimator.libraries\imageprocessingpipeline\build\java\windows\imageprocessingpipeline\imageprocessingpipeline\x64\debug\guidedfilter.obj
c:\users\filip.mazev\documents\code\refactor\aqi-estimator.libraries\imageprocessingpipeline\build\java\windows\imageprocessingpipeline\imageprocessingpipeline\x64\debug\dllmain.obj
c:\users\filip.mazev\documents\code\refactor\aqi-estimator.libraries\imageprocessingpipeline\build\java\windows\imageprocessingpipeline\x64\debug\imageprocessingpipeline.dll
c:\users\filip.mazev\documents\code\refactor\aqi-estimator.libraries\imageprocessingpipeline\build\java\windows\imageprocessingpipeline\x64\debug\imageprocessingpipeline.pdb
c:\users\filip.mazev\documents\code\refactor\aqi-estimator.libraries\imageprocessingpipeline\build\java\windows\imageprocessingpipeline\x64\debug\imageprocessingpipeline.lib
c:\users\filip.mazev\documents\code\refactor\aqi-estimator.libraries\imageprocessingpipeline\build\java\windows\imageprocessingpipeline\x64\debug\imageprocessingpipeline.exp
c:\users\filip.mazev\documents\code\refactor\aqi-estimator.libraries\imageprocessingpipeline\build\java\windows\imageprocessingpipeline\imageprocessingpipeline\x64\debug\imageprocessingpipeline.ilk
c:\users\filip.mazev\documents\code\refactor\aqi-estimator.libraries\imageprocessingpipeline\build\java\windows\imageprocessingpipeline\imageprocessingpipeline\x64\debug\imagepro.45735a30.tlog\cl.command.1.tlog
c:\users\filip.mazev\documents\code\refactor\aqi-estimator.libraries\imageprocessingpipeline\build\java\windows\imageprocessingpipeline\imageprocessingpipeline\x64\debug\imagepro.45735a30.tlog\cl.items.tlog
c:\users\filip.mazev\documents\code\refactor\aqi-estimator.libraries\imageprocessingpipeline\build\java\windows\imageprocessingpipeline\imageprocessingpipeline\x64\debug\imagepro.45735a30.tlog\cl.read.1.tlog
c:\users\filip.mazev\documents\code\refactor\aqi-estimator.libraries\imageprocessingpipeline\build\java\windows\imageprocessingpipeline\imageprocessingpipeline\x64\debug\imagepro.45735a30.tlog\cl.write.1.tlog
c:\users\filip.mazev\documents\code\refactor\aqi-estimator.libraries\imageprocessingpipeline\build\java\windows\imageprocessingpipeline\imageprocessingpipeline\x64\debug\imagepro.45735a30.tlog\link.command.1.tlog
c:\users\filip.mazev\documents\code\refactor\aqi-estimator.libraries\imageprocessingpipeline\build\java\windows\imageprocessingpipeline\imageprocessingpipeline\x64\debug\imagepro.45735a30.tlog\link.read.1.tlog
c:\users\filip.mazev\documents\code\refactor\aqi-estimator.libraries\imageprocessingpipeline\build\java\windows\imageprocessingpipeline\imageprocessingpipeline\x64\debug\imagepro.45735a30.tlog\link.secondary.1.tlog
c:\users\filip.mazev\documents\code\refactor\aqi-estimator.libraries\imageprocessingpipeline\build\java\windows\imageprocessingpipeline\imageprocessingpipeline\x64\debug\imagepro.45735a30.tlog\link.write.1.tlog
