c:\users\filip.mazev\documents\code\refactor\aqi-estimator.libraries\imageprocessingpipeline\src\windows\imageprocessingpipeline\x64\release\imageprocessingpipeline.pch
c:\users\filip.mazev\documents\code\refactor\aqi-estimator.libraries\imageprocessingpipeline\src\windows\imageprocessingpipeline\x64\release\vc143.pdb
c:\users\filip.mazev\documents\code\refactor\aqi-estimator.libraries\imageprocessingpipeline\src\windows\imageprocessingpipeline\x64\release\pch.obj
c:\users\filip.mazev\documents\code\refactor\aqi-estimator.libraries\imageprocessingpipeline\src\windows\imageprocessingpipeline\x64\release\java_imagepipeline_extractenhachedmetadata.obj
c:\users\filip.mazev\documents\code\refactor\aqi-estimator.libraries\imageprocessingpipeline\src\windows\imageprocessingpipeline\x64\release\imagepipeline.obj
c:\users\filip.mazev\documents\code\refactor\aqi-estimator.libraries\imageprocessingpipeline\src\windows\imageprocessingpipeline\x64\release\hazeremoval.obj
c:\users\filip.mazev\documents\code\refactor\aqi-estimator.libraries\imageprocessingpipeline\src\windows\imageprocessingpipeline\x64\release\guidedfilter.obj
c:\users\filip.mazev\documents\code\refactor\aqi-estimator.libraries\imageprocessingpipeline\src\windows\imageprocessingpipeline\x64\release\dllmain.obj
c:\users\filip.mazev\documents\code\refactor\aqi-estimator.libraries\imageprocessingpipeline\src\windows\x64\release\imageprocessingpipeline.dll
c:\users\filip.mazev\documents\code\refactor\aqi-estimator.libraries\imageprocessingpipeline\src\windows\x64\release\imageprocessingpipeline.pdb
c:\users\filip.mazev\documents\code\refactor\aqi-estimator.libraries\imageprocessingpipeline\src\windows\x64\release\imageprocessingpipeline.lib
c:\users\filip.mazev\documents\code\refactor\aqi-estimator.libraries\imageprocessingpipeline\src\windows\x64\release\imageprocessingpipeline.exp
c:\users\filip.mazev\documents\code\refactor\aqi-estimator.libraries\imageprocessingpipeline\src\windows\imageprocessingpipeline\x64\release\imageprocessingpipeline.ipdb
c:\users\filip.mazev\documents\code\refactor\aqi-estimator.libraries\imageprocessingpipeline\src\windows\imageprocessingpipeline\x64\release\imageprocessingpipeline.iobj
c:\users\filip.mazev\documents\code\refactor\aqi-estimator.libraries\imageprocessingpipeline\src\windows\imageprocessingpipeline\x64\release\imagepro.45735a30.tlog\cl.command.1.tlog
c:\users\filip.mazev\documents\code\refactor\aqi-estimator.libraries\imageprocessingpipeline\src\windows\imageprocessingpipeline\x64\release\imagepro.45735a30.tlog\cl.items.tlog
c:\users\filip.mazev\documents\code\refactor\aqi-estimator.libraries\imageprocessingpipeline\src\windows\imageprocessingpipeline\x64\release\imagepro.45735a30.tlog\cl.read.1.tlog
c:\users\filip.mazev\documents\code\refactor\aqi-estimator.libraries\imageprocessingpipeline\src\windows\imageprocessingpipeline\x64\release\imagepro.45735a30.tlog\cl.write.1.tlog
c:\users\filip.mazev\documents\code\refactor\aqi-estimator.libraries\imageprocessingpipeline\src\windows\imageprocessingpipeline\x64\release\imagepro.45735a30.tlog\link.command.1.tlog
c:\users\filip.mazev\documents\code\refactor\aqi-estimator.libraries\imageprocessingpipeline\src\windows\imageprocessingpipeline\x64\release\imagepro.45735a30.tlog\link.read.1.tlog
c:\users\filip.mazev\documents\code\refactor\aqi-estimator.libraries\imageprocessingpipeline\src\windows\imageprocessingpipeline\x64\release\imagepro.45735a30.tlog\link.secondary.1.tlog
c:\users\filip.mazev\documents\code\refactor\aqi-estimator.libraries\imageprocessingpipeline\src\windows\imageprocessingpipeline\x64\release\imagepro.45735a30.tlog\link.write.1.tlog
